-------------------------------------------------------------------------------
Test set: firstalert.com.mpsystem.firstalert.FirstalertApplicationTests
-------------------------------------------------------------------------------
Tests run: 1, Failures: 0, Errors: 1, Skipped: 0, Time elapsed: 0.708 s <<< FAILURE! - in firstalert.com.mpsystem.firstalert.FirstalertApplicationTests
initializationError(firstalert.com.mpsystem.firstalert.FirstalertApplicationTests)  Time elapsed: 0.021 s  <<< ERROR!
java.lang.IllegalStateException: Unable to find a @SpringBootConfiguration, you need to use @ContextConfiguration or @SpringBootTest(classes=...) with your test

